<?xml version="1.0" encoding="UTF-8"?>
<!-- Generated by org.testng.reporters.JUnitReportReporter -->
<testsuite hostname="DESKTOP-U7LS3SH" failures="0" tests="1" name="com.assignmentsdemo.tests.AllMovieTest" time="18.167" errors="0" timestamp="18 Jun 2021 07:54:04 GMT" skipped="0">
  <testcase classname="com.assignmentsdemo.tests.AllMovieTest" name="allMovieTest" time="18.167"/>
</testsuite> <!-- com.assignmentsdemo.tests.AllMovieTest -->
