<?xml version="1.0" encoding="UTF-8"?>
<!-- Generated by org.testng.reporters.JUnitReportReporter -->
<testsuite skipped="0" hostname="OPBL-MAC-LVCF-2.local" name="com.assignmentsdemo.tests.RestAssuredAPITest" tests="1" failures="0" timestamp="11 Jun 2020 11:12:33 GMT" time="2.239" errors="0">
  <testcase name="restAssuredAPITest" time="2.239" classname="com.assignmentsdemo.tests.RestAssuredAPITest"/>
</testsuite> <!-- com.assignmentsdemo.tests.RestAssuredAPITest -->
