<?xml version="1.0" encoding="UTF-8"?>
<!-- Generated by org.testng.reporters.JUnitReportReporter -->
<testsuite skipped="0" hostname="OPBL-MAC-LVCF-2.local" name="com.assignmentsdemo.tests.AllMovieTest" tests="1" failures="0" timestamp="11 Jun 2020 09:49:52 GMT" time="5.603" errors="0">
  <testcase name="allMovieTest" time="5.603" classname="com.assignmentsdemo.tests.AllMovieTest"/>
</testsuite> <!-- com.assignmentsdemo.tests.AllMovieTest -->
