<?xml version="1.0" encoding="UTF-8"?>
<!-- Generated by org.testng.reporters.JUnitReportReporter -->
<testsuite skipped="0" hostname="DESKTOP-9Q4P0EG" name="com.assignmentsdemo.tests.AllMovieTest" tests="1" failures="0" timestamp="24 Mar 2021 12:31:27 GMT" time="15.015" errors="0">
  <testcase name="allMovieTest" time="15.015" classname="com.assignmentsdemo.tests.AllMovieTest"/>
</testsuite> <!-- com.assignmentsdemo.tests.AllMovieTest -->
