<?xml version="1.0" encoding="UTF-8"?>
<!-- Generated by org.testng.reporters.JUnitReportReporter -->
<testsuite skipped="0" hostname="DESKTOP-9Q4P0EG" name="com.assignmentsdemo.tests.RestAssuredAPITest" tests="1" failures="0" timestamp="24 Mar 2021 12:24:15 GMT" time="2.267" errors="0">
  <testcase name="restAssuredAPITest" time="2.267" classname="com.assignmentsdemo.tests.RestAssuredAPITest"/>
</testsuite> <!-- com.assignmentsdemo.tests.RestAssuredAPITest -->
